2023-06-17 14:53:40,619 INFO o.a.j.u.JMeterUtils: Setting Locale to en_EN
2023-06-17 14:53:40,792 INFO o.a.j.JMeter: Loading user properties from: /opt/apache-jmeter-5.5/bin/user.properties
2023-06-17 14:53:40,798 INFO o.a.j.JMeter: Loading system properties from: /opt/apache-jmeter-5.5/bin/system.properties
2023-06-17 14:53:40,801 INFO o.a.j.JMeter: Setting System property: log4j2.formatMsgNoLookups=true
2023-06-17 14:53:40,886 INFO o.a.j.JMeter: Copyright (c) 1998-2022 The Apache Software Foundation
2023-06-17 14:53:40,888 INFO o.a.j.JMeter: Version 5.5
2023-06-17 14:53:40,889 INFO o.a.j.JMeter: java.version=1.8.0_275
2023-06-17 14:53:40,890 INFO o.a.j.JMeter: java.vm.name=OpenJDK 64-Bit Server VM
2023-06-17 14:53:40,891 INFO o.a.j.JMeter: os.name=Linux
2023-06-17 14:53:40,892 INFO o.a.j.JMeter: os.arch=amd64
2023-06-17 14:53:40,893 INFO o.a.j.JMeter: os.version=5.15.49-linuxkit
2023-06-17 14:53:40,894 INFO o.a.j.JMeter: file.encoding=UTF-8
2023-06-17 14:53:40,895 INFO o.a.j.JMeter: java.awt.headless=true
2023-06-17 14:53:40,896 INFO o.a.j.JMeter: Max memory     =3607101440
2023-06-17 14:53:40,898 INFO o.a.j.JMeter: Available Processors =4
2023-06-17 14:53:40,947 INFO o.a.j.JMeter: Default Locale=English (EN)
2023-06-17 14:53:40,950 INFO o.a.j.JMeter: JMeter  Locale=English (EN)
2023-06-17 14:53:40,951 INFO o.a.j.JMeter: JMeterHome=/opt/apache-jmeter-5.5
2023-06-17 14:53:40,953 INFO o.a.j.JMeter: user.dir  =/opt/apache-jmeter-5.5
2023-06-17 14:53:40,954 INFO o.a.j.JMeter: PWD       =/opt/apache-jmeter-5.5
2023-06-17 14:53:40,957 INFO o.a.j.JMeter: IP: 172.17.0.4 Name: a2b1aaeabffe FullName: a2b1aaeabffe
2023-06-17 14:53:41,150 ERROR o.a.j.JMeter: An error occurred: 
org.apache.jmeter.report.config.ConfigurationException: The file /mnt/jmeter doesn't exist or can't be opened
	at org.apache.jmeter.JMeter.runNonGui(JMeter.java:927) ~[ApacheJMeter_core.jar:5.5]
	at org.apache.jmeter.JMeter.startNonGui(JMeter.java:917) ~[ApacheJMeter_core.jar:5.5]
	at org.apache.jmeter.JMeter.start(JMeter.java:485) ~[ApacheJMeter_core.jar:5.5]
	at sun.reflect.NativeMethodAccessorImpl.invoke0(Native Method) ~[?:1.8.0_275]
	at sun.reflect.NativeMethodAccessorImpl.invoke(NativeMethodAccessorImpl.java:62) ~[?:1.8.0_275]
	at sun.reflect.DelegatingMethodAccessorImpl.invoke(DelegatingMethodAccessorImpl.java:43) ~[?:1.8.0_275]
	at java.lang.reflect.Method.invoke(Method.java:498) ~[?:1.8.0_275]
	at org.apache.jmeter.NewDriver.main(NewDriver.java:259) ~[ApacheJMeter.jar:5.5]
